<?xml version="1.0" encoding="UTF-8"?>
<testsuite xmlns:xsi="http://www.w3.org/2001/XMLSchema-instance" xsi:noNamespaceSchemaLocation="https://maven.apache.org/surefire/maven-surefire-plugin/xsd/surefire-test-report-3.0.xsd" version="3.0" name="com.tenx.enterprise.SkillsInterfaceTest" time="0.11" tests="10" errors="0" skipped="0" failures="5">
  <properties>
    <property name="java.specification.version" value="21"/>
    <property name="sun.cpu.isalist" value="amd64"/>
    <property name="sun.jnu.encoding" value="Cp1252"/>
    <property name="java.class.path" value="C:\Users\dagmawi.yohannes\OneDrive - Safaricom Ethiopia\documents\Project-Chimera-The-Agentic-Infrastructure-Challenge\tenx-enterprise-app\target\test-classes;C:\Users\dagmawi.yohannes\OneDrive - Safaricom Ethiopia\documents\Project-Chimera-The-Agentic-Infrastructure-Challenge\tenx-enterprise-app\target\classes;C:\Users\dagmawi.yohannes\.m2\repository\org\junit\jupiter\junit-jupiter\5.10.0\junit-jupiter-5.10.0.jar;C:\Users\dagmawi.yohannes\.m2\repository\org\junit\jupiter\junit-jupiter-api\5.10.0\junit-jupiter-api-5.10.0.jar;C:\Users\dagmawi.yohannes\.m2\repository\org\opentest4j\opentest4j\1.3.0\opentest4j-1.3.0.jar;C:\Users\dagmawi.yohannes\.m2\repository\org\junit\platform\junit-platform-commons\1.10.0\junit-platform-commons-1.10.0.jar;C:\Users\dagmawi.yohannes\.m2\repository\org\apiguardian\apiguardian-api\1.1.2\apiguardian-api-1.1.2.jar;C:\Users\dagmawi.yohannes\.m2\repository\org\junit\jupiter\junit-jupiter-params\5.10.0\junit-jupiter-params-5.10.0.jar;C:\Users\dagmawi.yohannes\.m2\repository\org\junit\jupiter\junit-jupiter-engine\5.10.0\junit-jupiter-engine-5.10.0.jar;C:\Users\dagmawi.yohannes\.m2\repository\org\junit\platform\junit-platform-engine\1.10.0\junit-platform-engine-1.10.0.jar;C:\Users\dagmawi.yohannes\.m2\repository\org\mockito\mockito-core\5.11.0\mockito-core-5.11.0.jar;C:\Users\dagmawi.yohannes\.m2\repository\net\bytebuddy\byte-buddy\1.14.12\byte-buddy-1.14.12.jar;C:\Users\dagmawi.yohannes\.m2\repository\net\bytebuddy\byte-buddy-agent\1.14.12\byte-buddy-agent-1.14.12.jar;C:\Users\dagmawi.yohannes\.m2\repository\org\objenesis\objenesis\3.3\objenesis-3.3.jar;C:\Users\dagmawi.yohannes\.m2\repository\org\mockito\mockito-junit-jupiter\5.11.0\mockito-junit-jupiter-5.11.0.jar;C:\Users\dagmawi.yohannes\.m2\repository\com\fasterxml\jackson\core\jackson-databind\2.16.0\jackson-databind-2.16.0.jar;C:\Users\dagmawi.yohannes\.m2\repository\com\fasterxml\jackson\core\jackson-annotations\2.16.0\jackson-annotations-2.16.0.jar;C:\Users\dagmawi.yohannes\.m2\repository\com\fasterxml\jackson\core\jackson-core\2.16.0\jackson-core-2.16.0.jar;C:\Users\dagmawi.yohannes\.m2\repository\com\fasterxml\jackson\datatype\jackson-datatype-jsr310\2.16.0\jackson-datatype-jsr310-2.16.0.jar;C:\Users\dagmawi.yohannes\.m2\repository\com\google\code\gson\gson\2.10.1\gson-2.10.1.jar;C:\Users\dagmawi.yohannes\.m2\repository\com\github\ben-manes\caffeine\caffeine\3.1.8\caffeine-3.1.8.jar;C:\Users\dagmawi.yohannes\.m2\repository\org\checkerframework\checker-qual\3.37.0\checker-qual-3.37.0.jar;C:\Users\dagmawi.yohannes\.m2\repository\com\google\errorprone\error_prone_annotations\2.21.1\error_prone_annotations-2.21.1.jar;"/>
    <property name="java.vm.vendor" value="Eclipse Adoptium"/>
    <property name="sun.arch.data.model" value="64"/>
    <property name="user.variant" value=""/>
    <property name="java.vendor.url" value="https://adoptium.net/"/>
    <property name="user.timezone" value="Africa/Nairobi"/>
    <property name="os.name" value="Windows 11"/>
    <property name="java.vm.specification.version" value="21"/>
    <property name="sun.java.launcher" value="SUN_STANDARD"/>
    <property name="user.country" value="US"/>
    <property name="sun.boot.library.path" value="C:\Tools\OpenJDK21U-jdk_x64_windows_hotspot_21.0.9_10\jdk-21.0.9+10\bin"/>
    <property name="sun.java.command" value="C:\Users\dagmawi.yohannes\AppData\Local\Temp\surefire15465174118941700328\surefirebooter-20260222182040690_3.jar C:\Users\dagmawi.yohannes\AppData\Local\Temp\surefire15465174118941700328 2026-02-22T18-20-40_531-jvmRun1 surefire-20260222182040690_1tmp surefire_0-20260222182040690_2tmp"/>
    <property name="jdk.debug" value="release"/>
    <property name="surefire.test.class.path" value="C:\Users\dagmawi.yohannes\OneDrive - Safaricom Ethiopia\documents\Project-Chimera-The-Agentic-Infrastructure-Challenge\tenx-enterprise-app\target\test-classes;C:\Users\dagmawi.yohannes\OneDrive - Safaricom Ethiopia\documents\Project-Chimera-The-Agentic-Infrastructure-Challenge\tenx-enterprise-app\target\classes;C:\Users\dagmawi.yohannes\.m2\repository\org\junit\jupiter\junit-jupiter\5.10.0\junit-jupiter-5.10.0.jar;C:\Users\dagmawi.yohannes\.m2\repository\org\junit\jupiter\junit-jupiter-api\5.10.0\junit-jupiter-api-5.10.0.jar;C:\Users\dagmawi.yohannes\.m2\repository\org\opentest4j\opentest4j\1.3.0\opentest4j-1.3.0.jar;C:\Users\dagmawi.yohannes\.m2\repository\org\junit\platform\junit-platform-commons\1.10.0\junit-platform-commons-1.10.0.jar;C:\Users\dagmawi.yohannes\.m2\repository\org\apiguardian\apiguardian-api\1.1.2\apiguardian-api-1.1.2.jar;C:\Users\dagmawi.yohannes\.m2\repository\org\junit\jupiter\junit-jupiter-params\5.10.0\junit-jupiter-params-5.10.0.jar;C:\Users\dagmawi.yohannes\.m2\repository\org\junit\jupiter\junit-jupiter-engine\5.10.0\junit-jupiter-engine-5.10.0.jar;C:\Users\dagmawi.yohannes\.m2\repository\org\junit\platform\junit-platform-engine\1.10.0\junit-platform-engine-1.10.0.jar;C:\Users\dagmawi.yohannes\.m2\repository\org\mockito\mockito-core\5.11.0\mockito-core-5.11.0.jar;C:\Users\dagmawi.yohannes\.m2\repository\net\bytebuddy\byte-buddy\1.14.12\byte-buddy-1.14.12.jar;C:\Users\dagmawi.yohannes\.m2\repository\net\bytebuddy\byte-buddy-agent\1.14.12\byte-buddy-agent-1.14.12.jar;C:\Users\dagmawi.yohannes\.m2\repository\org\objenesis\objenesis\3.3\objenesis-3.3.jar;C:\Users\dagmawi.yohannes\.m2\repository\org\mockito\mockito-junit-jupiter\5.11.0\mockito-junit-jupiter-5.11.0.jar;C:\Users\dagmawi.yohannes\.m2\repository\com\fasterxml\jackson\core\jackson-databind\2.16.0\jackson-databind-2.16.0.jar;C:\Users\dagmawi.yohannes\.m2\repository\com\fasterxml\jackson\core\jackson-annotations\2.16.0\jackson-annotations-2.16.0.jar;C:\Users\dagmawi.yohannes\.m2\repository\com\fasterxml\jackson\core\jackson-core\2.16.0\jackson-core-2.16.0.jar;C:\Users\dagmawi.yohannes\.m2\repository\com\fasterxml\jackson\datatype\jackson-datatype-jsr310\2.16.0\jackson-datatype-jsr310-2.16.0.jar;C:\Users\dagmawi.yohannes\.m2\repository\com\google\code\gson\gson\2.10.1\gson-2.10.1.jar;C:\Users\dagmawi.yohannes\.m2\repository\com\github\ben-manes\caffeine\caffeine\3.1.8\caffeine-3.1.8.jar;C:\Users\dagmawi.yohannes\.m2\repository\org\checkerframework\checker-qual\3.37.0\checker-qual-3.37.0.jar;C:\Users\dagmawi.yohannes\.m2\repository\com\google\errorprone\error_prone_annotations\2.21.1\error_prone_annotations-2.21.1.jar;"/>
    <property name="sun.cpu.endian" value="little"/>
    <property name="user.home" value="C:\Users\dagmawi.yohannes"/>
    <property name="user.language" value="en"/>
    <property name="java.specification.vendor" value="Oracle Corporation"/>
    <property name="java.version.date" value="2025-10-21"/>
    <property name="java.home" value="C:\Tools\OpenJDK21U-jdk_x64_windows_hotspot_21.0.9_10\jdk-21.0.9+10"/>
    <property name="file.separator" value="\"/>
    <property name="basedir" value="C:\Users\dagmawi.yohannes\OneDrive - Safaricom Ethiopia\documents\Project-Chimera-The-Agentic-Infrastructure-Challenge\tenx-enterprise-app"/>
    <property name="java.vm.compressedOopsMode" value="Zero based"/>
    <property name="line.separator" value="&#10;"/>
    <property name="java.vm.specification.vendor" value="Oracle Corporation"/>
    <property name="java.specification.name" value="Java Platform API Specification"/>
    <property name="surefire.real.class.path" value="C:\Users\dagmawi.yohannes\AppData\Local\Temp\surefire15465174118941700328\surefirebooter-20260222182040690_3.jar"/>
    <property name="user.script" value=""/>
    <property name="sun.management.compiler" value="HotSpot 64-Bit Tiered Compilers"/>
    <property name="java.runtime.version" value="21.0.9+10-LTS"/>
    <property name="user.name" value="Dagmawi.Yohannes"/>
    <property name="stdout.encoding" value="Cp1252"/>
    <property name="path.separator" value=";"/>
    <property name="os.version" value="10.0"/>
    <property name="java.runtime.name" value="OpenJDK Runtime Environment"/>
    <property name="file.encoding" value="UTF-8"/>
    <property name="java.vm.name" value="OpenJDK 64-Bit Server VM"/>
    <property name="java.vendor.version" value="Temurin-21.0.9+10"/>
    <property name="localRepository" value="C:\Users\dagmawi.yohannes\.m2\repository"/>
    <property name="java.vendor.url.bug" value="https://github.com/adoptium/adoptium-support/issues"/>
    <property name="java.io.tmpdir" value="C:\Users\DAGMAW~1.YOH\AppData\Local\Temp\"/>
    <property name="java.version" value="21.0.9"/>
    <property name="user.dir" value="C:\Users\dagmawi.yohannes\OneDrive - Safaricom Ethiopia\documents\Project-Chimera-The-Agentic-Infrastructure-Challenge\tenx-enterprise-app"/>
    <property name="os.arch" value="amd64"/>
    <property name="java.vm.specification.name" value="Java Virtual Machine Specification"/>
    <property name="sun.os.patch.level" value=""/>
    <property name="native.encoding" value="Cp1252"/>
    <property name="java.library.path" value="C:\Tools\OpenJDK21U-jdk_x64_windows_hotspot_21.0.9_10\jdk-21.0.9+10\bin;C:\WINDOWS\Sun\Java\bin;C:\WINDOWS\system32;C:\WINDOWS;C:\Tools\apache-maven-3.9.12-bin\bin;c:\Users\dagmawi.yohannes\AppData\Roaming\Code\User\globalStorage\github.copilot-chat\debugCommand;c:\Users\dagmawi.yohannes\AppData\Roaming\Code\User\globalStorage\github.copilot-chat\copilotCli;C:\Program Files\Common Files\Oracle\Java\javapath;C:\Program Files (x86)\Common Files\Oracle\Java\javapath;C:\WINDOWS\system32;C:\WINDOWS;C:\WINDOWS\System32\Wbem;C:\WINDOWS\System32\WindowsPowerShell\v1.0\;C:\WINDOWS\System32\OpenSSH\;C:\Program Files (x86)\dotnet\;C:\Tools\apache-maven-3.9.11\bin;C:\Tools\apache-maven-3.9.11\bin;C:\Tools\jdk-21\jdk-21.0.9+10\bin;$env:PATH;C:\Users\dagmawi.yohannes\AppData\Local\Programs\Microsoft VS Code\bin;C:\Users\dagmawi.yohannes\AppData\Local\Python\pythoncore-3.14-64\;C:\Users\dagmawi.yohannes\AppData\Local\Python\pythoncore-3.14-64\Scripts\;C:\Users\dagmawi.yohannes\AppData\Local\Programs\Git\cmd;C:\ProgramData\chocolatey\bin;C:\ProgramData\chocolatey\bin;."/>
    <property name="java.vm.info" value="mixed mode, sharing"/>
    <property name="stderr.encoding" value="Cp1252"/>
    <property name="java.vendor" value="Eclipse Adoptium"/>
    <property name="java.vm.version" value="21.0.9+10-LTS"/>
    <property name="sun.io.unicode.encoding" value="UnicodeLittle"/>
    <property name="java.class.version" value="65.0"/>
  </properties>
  <testcase name="generateContent_lowBudget_throwsBudgetExceeded" classname="com.tenx.enterprise.SkillsInterfaceTest" time="0.045">
    <failure message="Real implementation must enforce budget limits. A $0.01 budget should not be enough to generate content. ==&gt; Expected com.tenx.enterprise.exception.BudgetExceededException to be thrown, but nothing was thrown." type="org.opentest4j.AssertionFailedError"><![CDATA[org.opentest4j.AssertionFailedError: Real implementation must enforce budget limits. A $0.01 budget should not be enough to generate content. ==> Expected com.tenx.enterprise.exception.BudgetExceededException to be thrown, but nothing was thrown.
	at org.junit.jupiter.api.AssertionFailureBuilder.build(AssertionFailureBuilder.java:152)
	at org.junit.jupiter.api.AssertThrows.assertThrows(AssertThrows.java:73)
	at org.junit.jupiter.api.AssertThrows.assertThrows(AssertThrows.java:39)
	at org.junit.jupiter.api.Assertions.assertThrows(Assertions.java:3127)
	at com.tenx.enterprise.SkillsInterfaceTest.generateContent_lowBudget_throwsBudgetExceeded(SkillsInterfaceTest.java:144)
	at java.base/java.lang.reflect.Method.invoke(Method.java:580)
	at java.base/java.util.ArrayList.forEach(ArrayList.java:1596)
	at java.base/java.util.ArrayList.forEach(ArrayList.java:1596)
]]></failure>
  </testcase>
  <testcase name="skills_concurrentExecution_isThreadSafe" classname="com.tenx.enterprise.SkillsInterfaceTest" time="0.016"/>
  <testcase name="generateContent_nullTrend_throwsException" classname="com.tenx.enterprise.SkillsInterfaceTest" time="0.001"/>
  <testcase name="generateContent_hashtagsRelatToTrend" classname="com.tenx.enterprise.SkillsInterfaceTest" time="0.004">
    <failure message="Content must include at least 3 hashtags for discoverability, got: 1 ==&gt; expected: &lt;true&gt; but was: &lt;false&gt;" type="org.opentest4j.AssertionFailedError"><![CDATA[org.opentest4j.AssertionFailedError: Content must include at least 3 hashtags for discoverability, got: 1 ==> expected: <true> but was: <false>
	at org.junit.jupiter.api.AssertionFailureBuilder.build(AssertionFailureBuilder.java:151)
	at org.junit.jupiter.api.AssertionFailureBuilder.buildAndThrow(AssertionFailureBuilder.java:132)
	at org.junit.jupiter.api.AssertTrue.failNotTrue(AssertTrue.java:63)
	at org.junit.jupiter.api.AssertTrue.assertTrue(AssertTrue.java:36)
	at org.junit.jupiter.api.Assertions.assertTrue(Assertions.java:210)
	at com.tenx.enterprise.SkillsInterfaceTest.generateContent_hashtagsRelatToTrend(SkillsInterfaceTest.java:128)
	at java.base/java.lang.reflect.Method.invoke(Method.java:580)
	at java.base/java.util.ArrayList.forEach(ArrayList.java:1596)
	at java.base/java.util.ArrayList.forEach(ArrayList.java:1596)
]]></failure>
  </testcase>
  <testcase name="budgetExceededException_carriesAmounts" classname="com.tenx.enterprise.SkillsInterfaceTest" time="0.002"/>
  <testcase name="generateContent_scriptIsSubstantial" classname="com.tenx.enterprise.SkillsInterfaceTest" time="0.005">
    <failure message="Real content script must be at least 50 characters for a meaningful video. Got 23 chars: &apos;Stub script placeholder&apos; ==&gt; expected: &lt;true&gt; but was: &lt;false&gt;" type="org.opentest4j.AssertionFailedError"><![CDATA[org.opentest4j.AssertionFailedError: Real content script must be at least 50 characters for a meaningful video. Got 23 chars: 'Stub script placeholder' ==> expected: <true> but was: <false>
	at org.junit.jupiter.api.AssertionFailureBuilder.build(AssertionFailureBuilder.java:151)
	at org.junit.jupiter.api.AssertionFailureBuilder.buildAndThrow(AssertionFailureBuilder.java:132)
	at org.junit.jupiter.api.AssertTrue.failNotTrue(AssertTrue.java:63)
	at org.junit.jupiter.api.AssertTrue.assertTrue(AssertTrue.java:36)
	at org.junit.jupiter.api.Assertions.assertTrue(Assertions.java:210)
	at com.tenx.enterprise.SkillsInterfaceTest.generateContent_scriptIsSubstantial(SkillsInterfaceTest.java:117)
	at java.base/java.lang.reflect.Method.invoke(Method.java:580)
	at java.base/java.util.ArrayList.forEach(ArrayList.java:1596)
	at java.base/java.util.ArrayList.forEach(ArrayList.java:1596)
]]></failure>
  </testcase>
  <testcase name="generateContent_nullPersona_throwsException" classname="com.tenx.enterprise.SkillsInterfaceTest" time="0.0"/>
  <testcase name="contentPayload_enforceValidation" classname="com.tenx.enterprise.SkillsInterfaceTest" time="0.0"/>
  <testcase name="generateContent_estimatedCostIsRealistic" classname="com.tenx.enterprise.SkillsInterfaceTest" time="0.0">
    <failure message="Real implementation must report a non-zero cost for content generation. Got: $0.0 ==&gt; expected: &lt;true&gt; but was: &lt;false&gt;" type="org.opentest4j.AssertionFailedError"><![CDATA[org.opentest4j.AssertionFailedError: Real implementation must report a non-zero cost for content generation. Got: $0.0 ==> expected: <true> but was: <false>
	at org.junit.jupiter.api.AssertionFailureBuilder.build(AssertionFailureBuilder.java:151)
	at org.junit.jupiter.api.AssertionFailureBuilder.buildAndThrow(AssertionFailureBuilder.java:132)
	at org.junit.jupiter.api.AssertTrue.failNotTrue(AssertTrue.java:63)
	at org.junit.jupiter.api.AssertTrue.assertTrue(AssertTrue.java:36)
	at org.junit.jupiter.api.Assertions.assertTrue(Assertions.java:210)
	at com.tenx.enterprise.SkillsInterfaceTest.generateContent_estimatedCostIsRealistic(SkillsInterfaceTest.java:155)
	at java.base/java.lang.reflect.Method.invoke(Method.java:580)
	at java.base/java.util.ArrayList.forEach(ArrayList.java:1596)
	at java.base/java.util.ArrayList.forEach(ArrayList.java:1596)
]]></failure>
  </testcase>
  <testcase name="contentGenerator_mustNotBeStub" classname="com.tenx.enterprise.SkillsInterfaceTest" time="0.0">
    <failure message="TDD GOAL: Replace ContentGeneratorSkillStub with a real implementation that generates meaningful content using an LLM or template engine. ==&gt; expected: &lt;false&gt; but was: &lt;true&gt;" type="org.opentest4j.AssertionFailedError"><![CDATA[org.opentest4j.AssertionFailedError: TDD GOAL: Replace ContentGeneratorSkillStub with a real implementation that generates meaningful content using an LLM or template engine. ==> expected: <false> but was: <true>
	at org.junit.jupiter.api.AssertionFailureBuilder.build(AssertionFailureBuilder.java:151)
	at org.junit.jupiter.api.AssertionFailureBuilder.buildAndThrow(AssertionFailureBuilder.java:132)
	at org.junit.jupiter.api.AssertFalse.failNotFalse(AssertFalse.java:63)
	at org.junit.jupiter.api.AssertFalse.assertFalse(AssertFalse.java:36)
	at org.junit.jupiter.api.Assertions.assertFalse(Assertions.java:235)
	at com.tenx.enterprise.SkillsInterfaceTest.contentGenerator_mustNotBeStub(SkillsInterfaceTest.java:104)
	at java.base/java.lang.reflect.Method.invoke(Method.java:580)
	at java.base/java.util.ArrayList.forEach(ArrayList.java:1596)
	at java.base/java.util.ArrayList.forEach(ArrayList.java:1596)
]]></failure>
  </testcase>
</testsuite>